<?xml version="1.0" encoding="UTF-8"?>
<testng-results ignored="8" total="10" passed="2" failed="0" skipped="0">
  <reporter-output>
  </reporter-output>
  <suite started-at="2021-06-15T12:18:01 IST" name="Default suite" finished-at="2021-06-15T12:18:30 IST" duration-ms="28578">
    <groups>
    </groups>
    <test started-at="2021-06-15T12:18:01 IST" name="Default test" finished-at="2021-06-15T12:18:30 IST" duration-ms="28578">
      <class name="com.crm.testCases.LoginPageTest">
        <test-method is-config="true" signature="setUp(java.lang.reflect.Method)[pri:0, instance:com.crm.testCases.LoginPageTest@644baf4a]" started-at="2021-06-15T12:18:01 IST" name="setUp" finished-at="2021-06-15T12:18:11 IST" duration-ms="9750" status="PASS">
          <params>
            <param index="0">
              <value>
                <![CDATA[public void com.crm.testCases.LoginPageTest.loginPageTitleTest()]]>
              </value>
            </param>
          </params>
          <reporter-output>
          </reporter-output>
        </test-method> <!-- setUp -->
        <test-method signature="loginPageTitleTest()[pri:1, instance:com.crm.testCases.LoginPageTest@644baf4a]" started-at="2021-06-15T12:18:11 IST" name="loginPageTitleTest" finished-at="2021-06-15T12:18:11 IST" duration-ms="35" status="PASS">
          <reporter-output>
          </reporter-output>
        </test-method> <!-- loginPageTitleTest -->
        <test-method is-config="true" signature="tearDown(java.lang.reflect.Method)[pri:0, instance:com.crm.testCases.LoginPageTest@644baf4a]" started-at="2021-06-15T12:18:11 IST" name="tearDown" finished-at="2021-06-15T12:18:11 IST" duration-ms="79" status="PASS">
          <params>
            <param index="0">
              <value>
                <![CDATA[public void com.crm.testCases.LoginPageTest.loginPageTitleTest()]]>
              </value>
            </param>
          </params>
          <reporter-output>
          </reporter-output>
        </test-method> <!-- tearDown -->
        <test-method is-config="true" signature="setUp(java.lang.reflect.Method)[pri:0, instance:com.crm.testCases.LoginPageTest@644baf4a]" started-at="2021-06-15T12:18:11 IST" name="setUp" finished-at="2021-06-15T12:18:22 IST" duration-ms="11042" status="PASS">
          <params>
            <param index="0">
              <value>
                <![CDATA[public void com.crm.testCases.LoginPageTest.successfulLoginTest()]]>
              </value>
            </param>
          </params>
          <reporter-output>
          </reporter-output>
        </test-method> <!-- setUp -->
        <test-method signature="successfulLoginTest()[pri:3, instance:com.crm.testCases.LoginPageTest@644baf4a]" started-at="2021-06-15T12:18:22 IST" name="successfulLoginTest" finished-at="2021-06-15T12:18:30 IST" duration-ms="7538" status="PASS">
          <reporter-output>
          </reporter-output>
        </test-method> <!-- successfulLoginTest -->
        <test-method is-config="true" signature="tearDown(java.lang.reflect.Method)[pri:0, instance:com.crm.testCases.LoginPageTest@644baf4a]" started-at="2021-06-15T12:18:30 IST" name="tearDown" finished-at="2021-06-15T12:18:30 IST" duration-ms="83" status="PASS">
          <params>
            <param index="0">
              <value>
                <![CDATA[public void com.crm.testCases.LoginPageTest.successfulLoginTest()]]>
              </value>
            </param>
          </params>
          <reporter-output>
          </reporter-output>
        </test-method> <!-- tearDown -->
      </class> <!-- com.crm.testCases.LoginPageTest -->
    </test> <!-- Default test -->
  </suite> <!-- Default suite -->
</testng-results>
