<?xml version="1.0" encoding="UTF-8"?>
<testng-results ignored="7" total="9" passed="1" failed="1" skipped="0">
  <reporter-output>
  </reporter-output>
  <suite started-at="2021-06-06T18:22:54 IST" name="Automation Testing" finished-at="2021-06-06T18:27:01 IST" duration-ms="247572">
    <groups>
    </groups>
    <test started-at="2021-06-06T18:22:54 IST" name="Login" finished-at="2021-06-06T18:23:30 IST" duration-ms="36340">
      <class name="com.crm.testCases.LoginPageTest">
        <test-method is-config="true" signature="setUp()[pri:0, instance:com.crm.testCases.LoginPageTest@e15b7e8]" started-at="2021-06-06T18:22:54 IST" name="setUp" finished-at="2021-06-06T18:23:07 IST" duration-ms="13228" status="PASS">
          <reporter-output>
          </reporter-output>
        </test-method> <!-- setUp -->
        <test-method signature="brokenLinksLoginPage()[pri:10, instance:com.crm.testCases.LoginPageTest@e15b7e8]" started-at="2021-06-06T18:23:07 IST" name="brokenLinksLoginPage" finished-at="2021-06-06T18:23:29 IST" duration-ms="21642" status="FAIL">
          <exception class="java.lang.AssertionError">
            <message>
              <![CDATA[The following asserts failed:
The link https://freecrm.com/features.html is Broken. Response Code is 404 expected [true] but found [false],
The link https://freecrm.com/features.html is Broken. Response Code is 404 expected [true] but found [false],
The link https://freecrm.com/customers.html is Broken. Response Code is 404 expected [true] but found [false],
The link https://freecrm.com/customers.html is Broken. Response Code is 404 expected [true] but found [false]]]>
            </message>
            <full-stacktrace>
              <![CDATA[java.lang.AssertionError: The following asserts failed:
The link https://freecrm.com/features.html is Broken. Response Code is 404 expected [true] but found [false],
The link https://freecrm.com/features.html is Broken. Response Code is 404 expected [true] but found [false],
The link https://freecrm.com/customers.html is Broken. Response Code is 404 expected [true] but found [false],
The link https://freecrm.com/customers.html is Broken. Response Code is 404 expected [true] but found [false]
at org.testng.asserts.SoftAssert.assertAll(SoftAssert.java:47)
at org.testng.asserts.SoftAssert.assertAll(SoftAssert.java:31)
at com.crm.utill.TestUtil.brokenLinks(TestUtil.java:119)
at com.crm.testCases.LoginPageTest.brokenLinksLoginPage(LoginPageTest.java:111)
at java.base/jdk.internal.reflect.NativeMethodAccessorImpl.invoke0(Native Method)
at java.base/jdk.internal.reflect.NativeMethodAccessorImpl.invoke(NativeMethodAccessorImpl.java:64)
at java.base/jdk.internal.reflect.DelegatingMethodAccessorImpl.invoke(DelegatingMethodAccessorImpl.java:43)
at java.base/java.lang.reflect.Method.invoke(Method.java:564)
at org.testng.internal.MethodInvocationHelper.invokeMethod(MethodInvocationHelper.java:133)
at org.testng.internal.TestInvoker.invokeMethod(TestInvoker.java:598)
at org.testng.internal.TestInvoker.invokeTestMethod(TestInvoker.java:173)
at org.testng.internal.MethodRunner.runInSequence(MethodRunner.java:46)
at org.testng.internal.TestInvoker$MethodInvocationAgent.invoke(TestInvoker.java:824)
at org.testng.internal.TestInvoker.invokeTestMethods(TestInvoker.java:146)
at org.testng.internal.TestMethodWorker.invokeTestMethods(TestMethodWorker.java:146)
at org.testng.internal.TestMethodWorker.run(TestMethodWorker.java:128)
at java.base/java.util.ArrayList.forEach(ArrayList.java:1511)
at org.testng.TestRunner.privateRun(TestRunner.java:794)
at org.testng.TestRunner.run(TestRunner.java:596)
at org.testng.SuiteRunner.runTest(SuiteRunner.java:377)
at org.testng.SuiteRunner.runSequentially(SuiteRunner.java:371)
at org.testng.SuiteRunner.privateRun(SuiteRunner.java:332)
at org.testng.SuiteRunner.run(SuiteRunner.java:276)
at org.testng.SuiteRunnerWorker.runSuite(SuiteRunnerWorker.java:53)
at org.testng.SuiteRunnerWorker.run(SuiteRunnerWorker.java:96)
at org.testng.TestNG.runSuitesSequentially(TestNG.java:1212)
at org.testng.TestNG.runSuitesLocally(TestNG.java:1134)
at org.testng.TestNG.runSuites(TestNG.java:1063)
at org.testng.TestNG.run(TestNG.java:1031)
at org.testng.remote.AbstractRemoteTestNG.run(AbstractRemoteTestNG.java:115)
at org.testng.remote.RemoteTestNG.initAndRun(RemoteTestNG.java:251)
at org.testng.remote.RemoteTestNG.main(RemoteTestNG.java:77)
]]>
            </full-stacktrace>
          </exception> <!-- java.lang.AssertionError -->
          <reporter-output>
          </reporter-output>
        </test-method> <!-- brokenLinksLoginPage -->
        <test-method is-config="true" signature="tearDown()[pri:0, instance:com.crm.testCases.LoginPageTest@e15b7e8]" started-at="2021-06-06T18:23:30 IST" name="tearDown" finished-at="2021-06-06T18:23:30 IST" duration-ms="98" status="PASS">
          <reporter-output>
          </reporter-output>
        </test-method> <!-- tearDown -->
      </class> <!-- com.crm.testCases.LoginPageTest -->
    </test> <!-- Login -->
    <test started-at="2021-06-06T18:23:30 IST" name="HomePage" finished-at="2021-06-06T18:27:01 IST" duration-ms="211146">
      <class name="com.crm.testCases.HomePageTest">
        <test-method is-config="true" signature="setUp()[pri:0, instance:com.crm.testCases.HomePageTest@5ab956d7]" started-at="2021-06-06T18:23:30 IST" name="setUp" finished-at="2021-06-06T18:23:50 IST" duration-ms="19720" status="PASS">
          <reporter-output>
          </reporter-output>
        </test-method> <!-- setUp -->
        <test-method signature="brokenLinksHomePage()[pri:8, instance:com.crm.testCases.HomePageTest@5ab956d7]" started-at="2021-06-06T18:23:50 IST" name="brokenLinksHomePage" finished-at="2021-06-06T18:27:01 IST" duration-ms="191399" status="PASS">
          <reporter-output>
          </reporter-output>
        </test-method> <!-- brokenLinksHomePage -->
        <test-method is-config="true" signature="tearDown()[pri:0, instance:com.crm.testCases.HomePageTest@5ab956d7]" started-at="2021-06-06T18:27:01 IST" name="tearDown" finished-at="2021-06-06T18:27:01 IST" duration-ms="4" status="PASS">
          <reporter-output>
          </reporter-output>
        </test-method> <!-- tearDown -->
      </class> <!-- com.crm.testCases.HomePageTest -->
    </test> <!-- HomePage -->
  </suite> <!-- Automation Testing -->
</testng-results>
