<?xml version="1.0" encoding="UTF-8"?>
<testng-results ignored="0" total="1" passed="1" failed="0" skipped="0">
  <reporter-output>
  </reporter-output>
  <suite started-at="2021-07-17T10:39:27 IST" name="Default suite" finished-at="2021-07-17T10:39:48 IST" duration-ms="21480">
    <groups>
    </groups>
    <test started-at="2021-07-17T10:39:27 IST" name="Default test" finished-at="2021-07-17T10:39:48 IST" duration-ms="21480">
      <class name="com.crm.testCases.NewDealTest">
        <test-method is-config="true" signature="setUp()[pri:0, instance:com.crm.testCases.NewDealTest@7674f035]" started-at="2021-07-17T10:39:27 IST" name="setUp" finished-at="2021-07-17T10:39:48 IST" duration-ms="21319" status="PASS">
          <reporter-output>
          </reporter-output>
        </test-method> <!-- setUp -->
        <test-method signature="addNewDeal()[pri:0, instance:com.crm.testCases.NewDealTest@7674f035]" started-at="2021-07-17T10:39:48 IST" name="addNewDeal" finished-at="2021-07-17T10:39:48 IST" duration-ms="120" status="PASS">
          <reporter-output>
          </reporter-output>
        </test-method> <!-- addNewDeal -->
        <test-method is-config="true" signature="tearDown()[pri:0, instance:com.crm.testCases.NewDealTest@7674f035]" started-at="2021-07-17T10:39:48 IST" name="tearDown" finished-at="2021-07-17T10:39:48 IST" duration-ms="1" status="PASS">
          <reporter-output>
          </reporter-output>
        </test-method> <!-- tearDown -->
      </class> <!-- com.crm.testCases.NewDealTest -->
    </test> <!-- Default test -->
  </suite> <!-- Default suite -->
</testng-results>
