<?xml version="1.0" encoding="UTF-8"?>
<testng-results ignored="0" total="1" passed="1" failed="0" skipped="0">
  <reporter-output>
  </reporter-output>
  <suite started-at="2021-05-11T15:13:07 IST" name="Default suite" finished-at="2021-05-11T15:14:08 IST" duration-ms="61187">
    <groups>
    </groups>
    <test started-at="2021-05-11T15:13:07 IST" name="Default test" finished-at="2021-05-11T15:14:08 IST" duration-ms="61187">
      <class name="com.crm.testCases.LoginPageTest">
        <test-method is-config="true" signature="setUp()[pri:0, instance:com.crm.testCases.LoginPageTest@169e6180]" started-at="2021-05-11T15:13:07 IST" name="setUp" finished-at="2021-05-11T15:13:34 IST" duration-ms="27144" status="PASS">
          <reporter-output>
          </reporter-output>
        </test-method> <!-- setUp -->
        <test-method signature="contactButton()[pri:9, instance:com.crm.testCases.LoginPageTest@169e6180]" started-at="2021-05-11T15:13:34 IST" name="contactButton" finished-at="2021-05-11T15:14:08 IST" duration-ms="33923" status="PASS">
          <reporter-output>
          </reporter-output>
        </test-method> <!-- contactButton -->
        <test-method is-config="true" signature="tearDown()[pri:0, instance:com.crm.testCases.LoginPageTest@169e6180]" started-at="2021-05-11T15:14:08 IST" name="tearDown" finished-at="2021-05-11T15:14:08 IST" duration-ms="81" status="PASS">
          <reporter-output>
          </reporter-output>
        </test-method> <!-- tearDown -->
      </class> <!-- com.crm.testCases.LoginPageTest -->
    </test> <!-- Default test -->
  </suite> <!-- Default suite -->
</testng-results>
