<?xml version="1.0" encoding="UTF-8"?>
<!-- Generated by org.testng.reporters.JUnitXMLReporter -->
<testsuite ignored="7" hostname="Mohits-Air" failures="0" tests="1" name="HomePage" time="211.146" errors="0" timestamp="2021-06-06T18:27:01 IST">
  <testcase classname="com.crm.testCases.HomePageTest" name="brokenLinksHomePage" time="191.399"/>
  <testcase classname="com.crm.testCases.HomePageTest" name="userNameLabelDisplayedTest" time="0.0">
    <ignored/>
  </testcase> <!-- userNameLabelDisplayedTest -->
  <testcase classname="com.crm.testCases.HomePageTest" name="auditTrailPage" time="0.0">
    <ignored/>
  </testcase> <!-- auditTrailPage -->
  <testcase classname="com.crm.testCases.HomePageTest" name="mouseOverCalendar" time="0.0">
    <ignored/>
  </testcase> <!-- mouseOverCalendar -->
  <testcase classname="com.crm.testCases.HomePageTest" name="validateHomeTitleTest" time="0.0">
    <ignored/>
  </testcase> <!-- validateHomeTitleTest -->
  <testcase classname="com.crm.testCases.HomePageTest" name="setupButtonTest" time="0.0">
    <ignored/>
  </testcase> <!-- setupButtonTest -->
  <testcase classname="com.crm.testCases.HomePageTest" name="helpButtonTest" time="0.0">
    <ignored/>
  </testcase> <!-- helpButtonTest -->
  <testcase classname="com.crm.testCases.HomePageTest" name="logoutTest" time="0.0">
    <ignored/>
  </testcase> <!-- logoutTest -->
</testsuite> <!-- HomePage -->
