<?xml version="1.0" encoding="UTF-8"?>
<!-- Generated by org.testng.reporters.JUnitXMLReporter -->
<testsuite ignored="0" hostname="Mohits-Air" failures="1" tests="1" name="Login" time="36.34" errors="0" timestamp="2021-06-06T18:23:30 IST">
  <testcase classname="com.crm.testCases.LoginPageTest" name="brokenLinksLoginPage" time="21.642">
    <failure type="java.lang.AssertionError" message="The following asserts failed:
	The link https://freecrm.com/features.html is Broken. Response Code is 404 expected [true] but found [false],
	The link https://freecrm.com/features.html is Broken. Response Code is 404 expected [true] but found [false],
	The link https://freecrm.com/customers.html is Broken. Response Code is 404 expected [true] but found [false],
	The link https://freecrm.com/customers.html is Broken. Response Code is 404 expected [true] but found [false]">
      <![CDATA[java.lang.AssertionError: The following asserts failed:
The link https://freecrm.com/features.html is Broken. Response Code is 404 expected [true] but found [false],
The link https://freecrm.com/features.html is Broken. Response Code is 404 expected [true] but found [false],
The link https://freecrm.com/customers.html is Broken. Response Code is 404 expected [true] but found [false],
The link https://freecrm.com/customers.html is Broken. Response Code is 404 expected [true] but found [false]
at com.crm.utill.TestUtil.brokenLinks(TestUtil.java:119)
at com.crm.testCases.LoginPageTest.brokenLinksLoginPage(LoginPageTest.java:111)
at java.base/java.util.ArrayList.forEach(ArrayList.java:1511)
... Removed 29 stack frames]]>
    </failure>
  </testcase> <!-- brokenLinksLoginPage -->
</testsuite> <!-- Login -->
