<?xml version="1.0" encoding="UTF-8"?>
<!-- Generated by org.testng.reporters.JUnitXMLReporter -->
<testsuite ignored="0" hostname="Mohits-MacBook-Air.local" failures="4" tests="5" name="Start" time="73.956" errors="0" timestamp="2021-05-14T01:31:31 IST">
  <testcase classname="com.crm.testCases.LoginPageTest" name="loginIncorrectDetailsTest" time="6.615">
    <failure type="java.lang.AssertionError" message="expected [CRMPRO] but found [Free CRM - CRM software for customer relationship management, sales, and support.]">
      <![CDATA[java.lang.AssertionError: expected [CRMPRO] but found [Free CRM - CRM software for customer relationship management, sales, and support.]
at com.crm.testCases.LoginPageTest.loginIncorrectDetailsTest(LoginPageTest.java:53)
at java.base/java.util.ArrayList.forEach(ArrayList.java:1511)
... Removed 32 stack frames]]>
    </failure>
  </testcase> <!-- loginIncorrectDetailsTest -->
  <testcase classname="com.crm.testCases.LoginPageTest" name="loginIncorrectDetailsTest" time="7.123"/>
  <testcase classname="com.crm.testCases.LoginPageTest" name="loginIncorrectDetailsTest" time="6.588">
    <failure type="java.lang.AssertionError" message="expected [CRMPRO] but found [Free CRM - CRM software for customer relationship management, sales, and support.]">
      <![CDATA[java.lang.AssertionError: expected [CRMPRO] but found [Free CRM - CRM software for customer relationship management, sales, and support.]
at com.crm.testCases.LoginPageTest.loginIncorrectDetailsTest(LoginPageTest.java:53)
at java.base/java.util.ArrayList.forEach(ArrayList.java:1511)
... Removed 32 stack frames]]>
    </failure>
  </testcase> <!-- loginIncorrectDetailsTest -->
  <testcase classname="com.crm.testCases.LoginPageTest" name="loginIncorrectDetailsTest" time="6.088">
    <failure type="java.lang.AssertionError" message="expected [CRMPRO] but found [Free CRM - CRM software for customer relationship management, sales, and support.]">
      <![CDATA[java.lang.AssertionError: expected [CRMPRO] but found [Free CRM - CRM software for customer relationship management, sales, and support.]
at com.crm.testCases.LoginPageTest.loginIncorrectDetailsTest(LoginPageTest.java:53)
at java.base/java.util.ArrayList.forEach(ArrayList.java:1511)
... Removed 32 stack frames]]>
    </failure>
  </testcase> <!-- loginIncorrectDetailsTest -->
  <testcase classname="com.crm.testCases.LoginPageTest" name="loginIncorrectDetailsTest" time="6.316">
    <failure type="java.lang.AssertionError" message="expected [CRMPRO] but found [Free CRM - CRM software for customer relationship management, sales, and support.]">
      <![CDATA[java.lang.AssertionError: expected [CRMPRO] but found [Free CRM - CRM software for customer relationship management, sales, and support.]
at com.crm.testCases.LoginPageTest.loginIncorrectDetailsTest(LoginPageTest.java:53)
at java.base/java.util.ArrayList.forEach(ArrayList.java:1511)
... Removed 32 stack frames]]>
    </failure>
  </testcase> <!-- loginIncorrectDetailsTest -->
</testsuite> <!-- Start -->
