<?xml version="1.0" encoding="UTF-8"?>
<!-- Generated by org.testng.reporters.JUnitXMLReporter -->
<testsuite ignored="0" hostname="Mohits-MacBook-Air.local" failures="0" tests="8" name="Start" time="324.843" errors="0" timestamp="2021-04-20T13:20:15 IST">
  <testcase classname="com.crm.testCases.LoginPageTest" name="loginPageTitleTest" time="0.093"/>
  <testcase classname="com.crm.testCases.LoginPageTest" name="loginIncorrectDetailsTest" time="17.554"/>
  <testcase classname="com.crm.testCases.LoginPageTest" name="successfulLoginTest" time="25.913"/>
  <testcase classname="com.crm.testCases.HomePageTest" name="validateHomeTitleTest" time="0.025"/>
  <testcase classname="com.crm.testCases.HomePageTest" name="userNameLabelDisplayedTest" time="0.125"/>
  <testcase classname="com.crm.testCases.HomePageTest" name="logoutTest" time="2.189"/>
  <testcase classname="com.crm.testCases.HomePageTest" name="setupButtonTest" time="1.315"/>
  <testcase classname="com.crm.testCases.HomePageTest" name="helpButtonTest" time="2.384"/>
</testsuite> <!-- Start -->
