<?xml version="1.0" encoding="UTF-8"?>
<!-- Generated by org.testng.reporters.JUnitXMLReporter -->
<testsuite ignored="8" hostname="Mohits-MacBook-Air.local" failures="0" tests="2" name="Default test" time="28.578" errors="0" timestamp="2021-06-15T12:18:30 IST">
  <testcase classname="com.crm.testCases.LoginPageTest" name="loginPageTitleTest" time="0.035"/>
  <testcase classname="com.crm.testCases.LoginPageTest" name="successfulLoginTest" time="7.538"/>
  <testcase classname="com.crm.testCases.LoginPageTest" name="pricingButton" time="0.0">
    <ignored/>
  </testcase> <!-- pricingButton -->
  <testcase classname="com.crm.testCases.LoginPageTest" name="signUpButton" time="0.0">
    <ignored/>
  </testcase> <!-- signUpButton -->
  <testcase classname="com.crm.testCases.LoginPageTest" name="contactButton" time="0.0">
    <ignored/>
  </testcase> <!-- contactButton -->
  <testcase classname="com.crm.testCases.LoginPageTest" name="featuresButton" time="0.0">
    <ignored/>
  </testcase> <!-- featuresButton -->
  <testcase classname="com.crm.testCases.LoginPageTest" name="loginIncorrectDetailsTest" time="0.0">
    <ignored/>
  </testcase> <!-- loginIncorrectDetailsTest -->
  <testcase classname="com.crm.testCases.LoginPageTest" name="customersButton" time="0.0">
    <ignored/>
  </testcase> <!-- customersButton -->
  <testcase classname="com.crm.testCases.LoginPageTest" name="brokenLinksLoginPage" time="0.0">
    <ignored/>
  </testcase> <!-- brokenLinksLoginPage -->
  <testcase classname="com.crm.testCases.LoginPageTest" name="homeButton" time="0.0">
    <ignored/>
  </testcase> <!-- homeButton -->
</testsuite> <!-- Default test -->
